<?xml version="1.0" encoding="UTF-8"?>
<!-- Generated by org.testng.reporters.JUnitReportReporter -->
<testsuite skipped="1" hostname="kongxufeng-pc" name="com.htyl.enass.PingGuZhenDuan" tests="5" failures="0" timestamp="21 六月 2019 04:39:26 GMT" time="364.173" errors="0">
  <testcase name="zhenduan" time="70.882" classname="com.htyl.enass.PingGuZhenDuan"/>
  <testcase name="zhenduan" time="62.229" classname="com.htyl.enass.PingGuZhenDuan">
    <skipped/>
  </testcase> <!-- zhenduan -->
  <testcase name="zhenduan" time="70.501" classname="com.htyl.enass.PingGuZhenDuan"/>
  <testcase name="zhenduan" time="80.685" classname="com.htyl.enass.PingGuZhenDuan"/>
  <testcase name="zhenduan" time="79.876" classname="com.htyl.enass.PingGuZhenDuan"/>
</testsuite> <!-- com.htyl.enass.PingGuZhenDuan -->
