<?xml version="1.0" encoding="UTF-8"?>
<!-- Generated by org.testng.reporters.JUnitReportReporter -->
<testsuite hostname="zhaomengran-pc" name="com.htyl.gyl.order" tests="1" failures="0" timestamp="7 Jan 2019 07:45:01 GMT" time="23.600" errors="0">
  <testcase name="f" time="23.600" classname="com.htyl.gyl.order"/>
</testsuite> <!-- com.htyl.gyl.order -->
