<?xml version="1.0" encoding="UTF-8"?>
<!-- Generated by org.testng.reporters.JUnitReportReporter -->
<testsuite hostname="zhaomengran-pc" name="com.htyl.gyl.LoginTest2" tests="1" failures="0" timestamp="19 Feb 2019 02:10:00 GMT" time="13.390" errors="0">
  <testcase name="testLogin_success" time="13.390" classname="com.htyl.gyl.LoginTest2"/>
</testsuite> <!-- com.htyl.gyl.LoginTest2 -->
