<?xml version="1.0" encoding="UTF-8"?>
<!-- Generated by org.testng.reporters.JUnitReportReporter -->
<testsuite hostname="zhaomengran-pc" name="com.htyl.gyl.ContractGreat" tests="1" failures="0" timestamp="10 Jan 2019 02:24:30 GMT" time="18.944" errors="0">
  <testcase name="f" time="18.944" classname="com.htyl.gyl.ContractGreat"/>
</testsuite> <!-- com.htyl.gyl.ContractGreat -->
