<?xml version="1.0" encoding="UTF-8"?>
<!-- Generated by org.testng.reporters.JUnitReportReporter -->
<testsuite hostname="zhaomengran-pc" name="com.htyl.gyl.Requirement" tests="1" failures="0" timestamp="28 Dec 2018 14:55:28 GMT" time="369.833" errors="0">
  <testcase name="f" time="369.833" classname="com.htyl.gyl.Requirement"/>
</testsuite> <!-- com.htyl.gyl.Requirement -->
