<?xml version="1.0" encoding="UTF-8"?>
<!-- Generated by org.testng.reporters.JUnitReportReporter -->
<testsuite hostname="zhaomengran-pc" name="com.test.aa.Longin2" tests="1" failures="0" timestamp="23 Nov 2018 06:41:36 GMT" time="826.750" errors="0">
  <testcase name="f" time="826.750" classname="com.test.aa.Longin2"/>
</testsuite> <!-- com.test.aa.Longin2 -->
