<?xml version="1.0" encoding="UTF-8"?>
<!-- Generated by org.testng.reporters.JUnitReportReporter -->
<testsuite hostname="zhaomengran-pc" name="com.htyl.gyl.Quote" tests="1" failures="0" timestamp="7 Jan 2019 06:53:29 GMT" time="14.270" errors="0">
  <testcase name="f" time="14.270" classname="com.htyl.gyl.Quote"/>
</testsuite> <!-- com.htyl.gyl.Quote -->
