<?xml version="1.0" encoding="UTF-8"?>
<!-- Generated by org.testng.reporters.JUnitReportReporter -->
<testsuite hostname="zhaomengran-pc" name="com.test.tz.Approval" tests="1" failures="0" timestamp="7 Dec 2018 04:00:21 GMT" time="53.371" errors="0">
  <testcase name="f" time="53.371" classname="com.test.tz.Approval"/>
</testsuite> <!-- com.test.tz.Approval -->
