<?xml version="1.0" encoding="UTF-8"?>
<!-- Generated by org.testng.reporters.JUnitReportReporter -->
<testsuite hostname="zhaomengran-pc" name="com.test.aa.workbench_mycoin" tests="1" failures="0" timestamp="21 Nov 2018 07:11:34 GMT" time="17.971" errors="0">
  <testcase name="workbench_mycoin" time="17.971" classname="com.test.aa.workbench_mycoin"/>
</testsuite> <!-- com.test.aa.workbench_mycoin -->
