<?xml version="1.0" encoding="UTF-8"?>
<!-- Generated by org.testng.reporters.JUnitReportReporter -->
<testsuite hostname="zhaomengran-pc" name="com.test.aa.Longin" tests="1" failures="0" timestamp="26 Nov 2018 00:45:32 GMT" time="17.181" errors="0">
  <testcase name="f" time="17.181" classname="com.test.aa.Longin"/>
</testsuite> <!-- com.test.aa.Longin -->
