<?xml version="1.0" encoding="UTF-8"?>
<testsuite xmlns:xsi="http://www.w3.org/2001/XMLSchema-instance" xsi:noNamespaceSchemaLocation="https://maven.apache.org/surefire/maven-surefire-plugin/xsd/surefire-test-report.xsd" name="TestSuite" time="368.51" tests="5" errors="0" skipped="1" failures="0">
  <properties>
    <property name="sun.desktop" value="windows"/>
    <property name="awt.toolkit" value="sun.awt.windows.WToolkit"/>
    <property name="file.encoding.pkg" value="sun.io"/>
    <property name="java.specification.version" value="1.8"/>
    <property name="sun.cpu.isalist" value="amd64"/>
    <property name="sun.jnu.encoding" value="GBK"/>
    <property name="java.class.path" value="D:\安装包\com\com\target\test-classes;D:\安装包\com\com\target\classes;C:\Users\kongxufeng\.m2\repository\junit\junit\4.12\junit-4.12.jar;C:\Users\kongxufeng\.m2\repository\org\hamcrest\hamcrest-core\1.3\hamcrest-core-1.3.jar;C:\Users\kongxufeng\.m2\repository\org\seleniumhq\selenium\selenium-java\3.4.0\selenium-java-3.4.0.jar;C:\Users\kongxufeng\.m2\repository\org\seleniumhq\selenium\selenium-api\3.4.0\selenium-api-3.4.0.jar;C:\Users\kongxufeng\.m2\repository\org\seleniumhq\selenium\selenium-chrome-driver\3.4.0\selenium-chrome-driver-3.4.0.jar;C:\Users\kongxufeng\.m2\repository\org\seleniumhq\selenium\selenium-edge-driver\3.4.0\selenium-edge-driver-3.4.0.jar;C:\Users\kongxufeng\.m2\repository\org\seleniumhq\selenium\selenium-firefox-driver\3.4.0\selenium-firefox-driver-3.4.0.jar;C:\Users\kongxufeng\.m2\repository\org\seleniumhq\selenium\selenium-ie-driver\3.4.0\selenium-ie-driver-3.4.0.jar;C:\Users\kongxufeng\.m2\repository\org\seleniumhq\selenium\selenium-opera-driver\3.4.0\selenium-opera-driver-3.4.0.jar;C:\Users\kongxufeng\.m2\repository\org\seleniumhq\selenium\selenium-remote-driver\3.4.0\selenium-remote-driver-3.4.0.jar;C:\Users\kongxufeng\.m2\repository\org\seleniumhq\selenium\selenium-safari-driver\3.4.0\selenium-safari-driver-3.4.0.jar;C:\Users\kongxufeng\.m2\repository\org\seleniumhq\selenium\selenium-support\3.4.0\selenium-support-3.4.0.jar;C:\Users\kongxufeng\.m2\repository\cglib\cglib-nodep\3.2.4\cglib-nodep-3.2.4.jar;C:\Users\kongxufeng\.m2\repository\org\apache\commons\commons-exec\1.3\commons-exec-1.3.jar;C:\Users\kongxufeng\.m2\repository\org\apache\commons\commons-lang3\3.5\commons-lang3-3.5.jar;C:\Users\kongxufeng\.m2\repository\commons-codec\commons-codec\1.10\commons-codec-1.10.jar;C:\Users\kongxufeng\.m2\repository\commons-io\commons-io\2.5\commons-io-2.5.jar;C:\Users\kongxufeng\.m2\repository\commons-logging\commons-logging\1.2\commons-logging-1.2.jar;C:\Users\kongxufeng\.m2\repository\org\w3c\css\sac\1.3\sac-1.3.jar;C:\Users\kongxufeng\.m2\repository\net\sourceforge\cssparser\cssparser\0.9.22\cssparser-0.9.22.jar;C:\Users\kongxufeng\.m2\repository\com\google\code\gson\gson\2.8.0\gson-2.8.0.jar;C:\Users\kongxufeng\.m2\repository\com\google\guava\guava\21.0\guava-21.0.jar;C:\Users\kongxufeng\.m2\repository\net\sourceforge\htmlunit\htmlunit\2.26\htmlunit-2.26.jar;C:\Users\kongxufeng\.m2\repository\net\sourceforge\htmlunit\htmlunit-core-js\2.26\htmlunit-core-js-2.26.jar;C:\Users\kongxufeng\.m2\repository\net\sourceforge\htmlunit\neko-htmlunit\2.25\neko-htmlunit-2.25.jar;C:\Users\kongxufeng\.m2\repository\org\apache\httpcomponents\httpclient\4.5.3\httpclient-4.5.3.jar;C:\Users\kongxufeng\.m2\repository\org\apache\httpcomponents\httpcore\4.4.6\httpcore-4.4.6.jar;C:\Users\kongxufeng\.m2\repository\org\apache\httpcomponents\httpmime\4.5.3\httpmime-4.5.3.jar;C:\Users\kongxufeng\.m2\repository\org\eclipse\jetty\jetty-io\9.4.1.v20170120\jetty-io-9.4.1.v20170120.jar;C:\Users\kongxufeng\.m2\repository\org\eclipse\jetty\jetty-util\9.4.1.v20170120\jetty-util-9.4.1.v20170120.jar;C:\Users\kongxufeng\.m2\repository\net\java\dev\jna\jna-platform\4.1.0\jna-platform-4.1.0.jar;C:\Users\kongxufeng\.m2\repository\com\codeborne\phantomjsdriver\1.4.0\phantomjsdriver-1.4.0.jar;C:\Users\kongxufeng\.m2\repository\org\seleniumhq\selenium\htmlunit-driver\2.26\htmlunit-driver-2.26.jar;C:\Users\kongxufeng\.m2\repository\javax\servlet\javax.servlet-api\3.1.0\javax.servlet-api-3.1.0.jar;C:\Users\kongxufeng\.m2\repository\org\eclipse\jetty\websocket\websocket-api\9.4.3.v20170317\websocket-api-9.4.3.v20170317.jar;C:\Users\kongxufeng\.m2\repository\org\eclipse\jetty\websocket\websocket-client\9.4.3.v20170317\websocket-client-9.4.3.v20170317.jar;C:\Users\kongxufeng\.m2\repository\org\eclipse\jetty\jetty-client\9.4.3.v20170317\jetty-client-9.4.3.v20170317.jar;C:\Users\kongxufeng\.m2\repository\org\eclipse\jetty\jetty-http\9.4.3.v20170317\jetty-http-9.4.3.v20170317.jar;C:\Users\kongxufeng\.m2\repository\org\eclipse\jetty\websocket\websocket-common\9.4.3.v20170317\websocket-common-9.4.3.v20170317.jar;C:\Users\kongxufeng\.m2\repository\xalan\serializer\2.7.2\serializer-2.7.2.jar;C:\Users\kongxufeng\.m2\repository\xalan\xalan\2.7.2\xalan-2.7.2.jar;C:\Users\kongxufeng\.m2\repository\xerces\xercesImpl\2.11.0\xercesImpl-2.11.0.jar;C:\Users\kongxufeng\.m2\repository\xml-apis\xml-apis\1.4.01\xml-apis-1.4.01.jar;C:\Users\kongxufeng\.m2\repository\commons-dbutils\commons-dbutils\1.6\commons-dbutils-1.6.jar;C:\Users\kongxufeng\.m2\repository\com\alibaba\fastjson\1.2.54\fastjson-1.2.54.jar;C:\Users\kongxufeng\.m2\repository\org\apache\logging\log4j\log4j-api\2.10.0\log4j-api-2.10.0.jar;C:\Users\kongxufeng\.m2\repository\org\apache\logging\log4j\log4j-core\2.10.0\log4j-core-2.10.0.jar;C:\Users\kongxufeng\.m2\repository\org\apache\poi\poi-ooxml\3.17\poi-ooxml-3.17.jar;C:\Users\kongxufeng\.m2\repository\org\apache\poi\poi\3.17\poi-3.17.jar;C:\Users\kongxufeng\.m2\repository\org\apache\commons\commons-collections4\4.1\commons-collections4-4.1.jar;C:\Users\kongxufeng\.m2\repository\org\apache\poi\poi-ooxml-schemas\3.17\poi-ooxml-schemas-3.17.jar;C:\Users\kongxufeng\.m2\repository\org\apache\xmlbeans\xmlbeans\2.6.0\xmlbeans-2.6.0.jar;C:\Users\kongxufeng\.m2\repository\stax\stax-api\1.0.1\stax-api-1.0.1.jar;C:\Users\kongxufeng\.m2\repository\com\github\virtuald\curvesapi\1.04\curvesapi-1.04.jar;C:\Users\kongxufeng\.m2\repository\net\java\dev\jna\jna\4.1.0\jna-4.1.0.jar;C:\Users\kongxufeng\.m2\repository\net\sourceforge\tess4j\tess4j\3.2.1\tess4j-3.2.1.jar;C:\Users\kongxufeng\.m2\repository\com\github\jai-imageio\jai-imageio-core\1.3.1\jai-imageio-core-1.3.1.jar;C:\Users\kongxufeng\.m2\repository\org\ghost4j\ghost4j\1.0.1\ghost4j-1.0.1.jar;C:\Users\kongxufeng\.m2\repository\log4j\log4j\1.2.17\log4j-1.2.17.jar;C:\Users\kongxufeng\.m2\repository\commons-beanutils\commons-beanutils\1.9.2\commons-beanutils-1.9.2.jar;C:\Users\kongxufeng\.m2\repository\org\apache\xmlgraphics\xmlgraphics-commons\1.4\xmlgraphics-commons-1.4.jar;C:\Users\kongxufeng\.m2\repository\com\lowagie\itext\2.1.7\itext-2.1.7.jar;C:\Users\kongxufeng\.m2\repository\net\sourceforge\lept4j\lept4j\1.2.3\lept4j-1.2.3.jar;C:\Users\kongxufeng\.m2\repository\org\rococoa\rococoa-core\0.5\rococoa-core-0.5.jar;C:\Users\kongxufeng\.m2\repository\ch\qos\logback\logback-classic\1.1.7\logback-classic-1.1.7.jar;C:\Users\kongxufeng\.m2\repository\ch\qos\logback\logback-core\1.1.7\logback-core-1.1.7.jar;C:\Users\kongxufeng\.m2\repository\org\slf4j\slf4j-api\1.7.20\slf4j-api-1.7.20.jar;C:\Users\kongxufeng\.m2\repository\org\slf4j\jul-to-slf4j\1.7.21\jul-to-slf4j-1.7.21.jar;C:\Users\kongxufeng\.m2\repository\org\slf4j\jcl-over-slf4j\1.7.21\jcl-over-slf4j-1.7.21.jar;C:\Users\kongxufeng\.m2\repository\org\slf4j\log4j-over-slf4j\1.7.21\log4j-over-slf4j-1.7.21.jar;C:\Users\kongxufeng\.m2\repository\org\testng\testng\6.14.2\testng-6.14.2.jar;C:\Users\kongxufeng\.m2\repository\com\beust\jcommander\1.72\jcommander-1.72.jar;C:\Users\kongxufeng\.m2\repository\org\apache-extras\beanshell\bsh\2.0b6\bsh-2.0b6.jar;C:\Users\kongxufeng\.m2\repository\io\qameta\allure\allure-testng\2.6.0\allure-testng-2.6.0.jar;C:\Users\kongxufeng\.m2\repository\io\qameta\allure\allure-descriptions-javadoc\2.6.0\allure-descriptions-javadoc-2.6.0.jar;C:\Users\kongxufeng\.m2\repository\io\qameta\allure\allure-java-commons\2.6.0\allure-java-commons-2.6.0.jar;C:\Users\kongxufeng\.m2\repository\io\qameta\allure\allure2-model-api\1.0-BETA6\allure2-model-api-1.0-BETA6.jar;C:\Users\kongxufeng\.m2\repository\io\qameta\allure\allure2-model-pojo\1.0-BETA6\allure2-model-pojo-1.0-BETA6.jar;C:\Users\kongxufeng\.m2\repository\org\apache\tika\tika-core\1.14\tika-core-1.14.jar;C:\Users\kongxufeng\.m2\repository\io\qameta\allure\allure2-model-jackson\1.0-BETA6\allure2-model-jackson-1.0-BETA6.jar;C:\Users\kongxufeng\.m2\repository\com\fasterxml\jackson\core\jackson-databind\2.7.0\jackson-databind-2.7.0.jar;C:\Users\kongxufeng\.m2\repository\com\fasterxml\jackson\core\jackson-annotations\2.7.0\jackson-annotations-2.7.0.jar;C:\Users\kongxufeng\.m2\repository\com\fasterxml\jackson\core\jackson-core\2.7.0\jackson-core-2.7.0.jar;C:\Users\kongxufeng\.m2\repository\com\fasterxml\jackson\module\jackson-module-jaxb-annotations\2.7.0\jackson-module-jaxb-annotations-2.7.0.jar;C:\Users\kongxufeng\.m2\repository\org\aspectj\aspectjrt\1.8.10\aspectjrt-1.8.10.jar;C:\Users\kongxufeng\.m2\repository\org\jooq\joor\0.9.6\joor-0.9.6.jar;C:\Users\kongxufeng\.m2\repository\org\aspectj\aspectjweaver\1.8.5\aspectjweaver-1.8.5.jar;C:\Users\kongxufeng\.m2\repository\io\appium\java-client\3.3.0\java-client-3.3.0.jar;C:\Users\kongxufeng\.m2\repository\cglib\cglib\3.1\cglib-3.1.jar;C:\Users\kongxufeng\.m2\repository\org\ow2\asm\asm\4.2\asm-4.2.jar;C:\Users\kongxufeng\.m2\repository\commons-validator\commons-validator\1.4.1\commons-validator-1.4.1.jar;C:\Users\kongxufeng\.m2\repository\commons-digester\commons-digester\1.8.1\commons-digester-1.8.1.jar;C:\Users\kongxufeng\.m2\repository\commons-collections\commons-collections\3.2.1\commons-collections-3.2.1.jar;C:\Users\kongxufeng\.m2\repository\org\apache\maven\surefire\surefire-testng-utils\2.22.0\surefire-testng-utils-2.22.0.jar;C:\Users\kongxufeng\.m2\repository\org\apache\maven\surefire\surefire-grouper\2.22.0\surefire-grouper-2.22.0.jar;"/>
    <property name="java.vm.vendor" value="Oracle Corporation"/>
    <property name="sun.arch.data.model" value="64"/>
    <property name="user.variant" value=""/>
    <property name="java.vendor.url" value="http://java.oracle.com/"/>
    <property name="user.timezone" value="Asia/Shanghai"/>
    <property name="java.vm.specification.version" value="1.8"/>
    <property name="os.name" value="Windows 10"/>
    <property name="user.country" value="CN"/>
    <property name="sun.java.launcher" value="SUN_STANDARD"/>
    <property name="sun.boot.library.path" value="D:\Program Files\Java\jre1.8.0_92\bin"/>
    <property name="sun.java.command" value="C:\Users\KONGXU~1\AppData\Local\Temp\surefire7111612847423926661\surefirebooter5587421127249934872.jar C:\Users\kongxufeng\AppData\Local\Temp\surefire7111612847423926661 2019-06-21T12-33-14_331-jvmRun1 surefire5537593889330370597tmp surefire_093078784981338678tmp"/>
    <property name="surefire.test.class.path" value="D:\安装包\com\com\target\test-classes;D:\安装包\com\com\target\classes;C:\Users\kongxufeng\.m2\repository\junit\junit\4.12\junit-4.12.jar;C:\Users\kongxufeng\.m2\repository\org\hamcrest\hamcrest-core\1.3\hamcrest-core-1.3.jar;C:\Users\kongxufeng\.m2\repository\org\seleniumhq\selenium\selenium-java\3.4.0\selenium-java-3.4.0.jar;C:\Users\kongxufeng\.m2\repository\org\seleniumhq\selenium\selenium-api\3.4.0\selenium-api-3.4.0.jar;C:\Users\kongxufeng\.m2\repository\org\seleniumhq\selenium\selenium-chrome-driver\3.4.0\selenium-chrome-driver-3.4.0.jar;C:\Users\kongxufeng\.m2\repository\org\seleniumhq\selenium\selenium-edge-driver\3.4.0\selenium-edge-driver-3.4.0.jar;C:\Users\kongxufeng\.m2\repository\org\seleniumhq\selenium\selenium-firefox-driver\3.4.0\selenium-firefox-driver-3.4.0.jar;C:\Users\kongxufeng\.m2\repository\org\seleniumhq\selenium\selenium-ie-driver\3.4.0\selenium-ie-driver-3.4.0.jar;C:\Users\kongxufeng\.m2\repository\org\seleniumhq\selenium\selenium-opera-driver\3.4.0\selenium-opera-driver-3.4.0.jar;C:\Users\kongxufeng\.m2\repository\org\seleniumhq\selenium\selenium-remote-driver\3.4.0\selenium-remote-driver-3.4.0.jar;C:\Users\kongxufeng\.m2\repository\org\seleniumhq\selenium\selenium-safari-driver\3.4.0\selenium-safari-driver-3.4.0.jar;C:\Users\kongxufeng\.m2\repository\org\seleniumhq\selenium\selenium-support\3.4.0\selenium-support-3.4.0.jar;C:\Users\kongxufeng\.m2\repository\cglib\cglib-nodep\3.2.4\cglib-nodep-3.2.4.jar;C:\Users\kongxufeng\.m2\repository\org\apache\commons\commons-exec\1.3\commons-exec-1.3.jar;C:\Users\kongxufeng\.m2\repository\org\apache\commons\commons-lang3\3.5\commons-lang3-3.5.jar;C:\Users\kongxufeng\.m2\repository\commons-codec\commons-codec\1.10\commons-codec-1.10.jar;C:\Users\kongxufeng\.m2\repository\commons-io\commons-io\2.5\commons-io-2.5.jar;C:\Users\kongxufeng\.m2\repository\commons-logging\commons-logging\1.2\commons-logging-1.2.jar;C:\Users\kongxufeng\.m2\repository\org\w3c\css\sac\1.3\sac-1.3.jar;C:\Users\kongxufeng\.m2\repository\net\sourceforge\cssparser\cssparser\0.9.22\cssparser-0.9.22.jar;C:\Users\kongxufeng\.m2\repository\com\google\code\gson\gson\2.8.0\gson-2.8.0.jar;C:\Users\kongxufeng\.m2\repository\com\google\guava\guava\21.0\guava-21.0.jar;C:\Users\kongxufeng\.m2\repository\net\sourceforge\htmlunit\htmlunit\2.26\htmlunit-2.26.jar;C:\Users\kongxufeng\.m2\repository\net\sourceforge\htmlunit\htmlunit-core-js\2.26\htmlunit-core-js-2.26.jar;C:\Users\kongxufeng\.m2\repository\net\sourceforge\htmlunit\neko-htmlunit\2.25\neko-htmlunit-2.25.jar;C:\Users\kongxufeng\.m2\repository\org\apache\httpcomponents\httpclient\4.5.3\httpclient-4.5.3.jar;C:\Users\kongxufeng\.m2\repository\org\apache\httpcomponents\httpcore\4.4.6\httpcore-4.4.6.jar;C:\Users\kongxufeng\.m2\repository\org\apache\httpcomponents\httpmime\4.5.3\httpmime-4.5.3.jar;C:\Users\kongxufeng\.m2\repository\org\eclipse\jetty\jetty-io\9.4.1.v20170120\jetty-io-9.4.1.v20170120.jar;C:\Users\kongxufeng\.m2\repository\org\eclipse\jetty\jetty-util\9.4.1.v20170120\jetty-util-9.4.1.v20170120.jar;C:\Users\kongxufeng\.m2\repository\net\java\dev\jna\jna-platform\4.1.0\jna-platform-4.1.0.jar;C:\Users\kongxufeng\.m2\repository\com\codeborne\phantomjsdriver\1.4.0\phantomjsdriver-1.4.0.jar;C:\Users\kongxufeng\.m2\repository\org\seleniumhq\selenium\htmlunit-driver\2.26\htmlunit-driver-2.26.jar;C:\Users\kongxufeng\.m2\repository\javax\servlet\javax.servlet-api\3.1.0\javax.servlet-api-3.1.0.jar;C:\Users\kongxufeng\.m2\repository\org\eclipse\jetty\websocket\websocket-api\9.4.3.v20170317\websocket-api-9.4.3.v20170317.jar;C:\Users\kongxufeng\.m2\repository\org\eclipse\jetty\websocket\websocket-client\9.4.3.v20170317\websocket-client-9.4.3.v20170317.jar;C:\Users\kongxufeng\.m2\repository\org\eclipse\jetty\jetty-client\9.4.3.v20170317\jetty-client-9.4.3.v20170317.jar;C:\Users\kongxufeng\.m2\repository\org\eclipse\jetty\jetty-http\9.4.3.v20170317\jetty-http-9.4.3.v20170317.jar;C:\Users\kongxufeng\.m2\repository\org\eclipse\jetty\websocket\websocket-common\9.4.3.v20170317\websocket-common-9.4.3.v20170317.jar;C:\Users\kongxufeng\.m2\repository\xalan\serializer\2.7.2\serializer-2.7.2.jar;C:\Users\kongxufeng\.m2\repository\xalan\xalan\2.7.2\xalan-2.7.2.jar;C:\Users\kongxufeng\.m2\repository\xerces\xercesImpl\2.11.0\xercesImpl-2.11.0.jar;C:\Users\kongxufeng\.m2\repository\xml-apis\xml-apis\1.4.01\xml-apis-1.4.01.jar;C:\Users\kongxufeng\.m2\repository\commons-dbutils\commons-dbutils\1.6\commons-dbutils-1.6.jar;C:\Users\kongxufeng\.m2\repository\com\alibaba\fastjson\1.2.54\fastjson-1.2.54.jar;C:\Users\kongxufeng\.m2\repository\org\apache\logging\log4j\log4j-api\2.10.0\log4j-api-2.10.0.jar;C:\Users\kongxufeng\.m2\repository\org\apache\logging\log4j\log4j-core\2.10.0\log4j-core-2.10.0.jar;C:\Users\kongxufeng\.m2\repository\org\apache\poi\poi-ooxml\3.17\poi-ooxml-3.17.jar;C:\Users\kongxufeng\.m2\repository\org\apache\poi\poi\3.17\poi-3.17.jar;C:\Users\kongxufeng\.m2\repository\org\apache\commons\commons-collections4\4.1\commons-collections4-4.1.jar;C:\Users\kongxufeng\.m2\repository\org\apache\poi\poi-ooxml-schemas\3.17\poi-ooxml-schemas-3.17.jar;C:\Users\kongxufeng\.m2\repository\org\apache\xmlbeans\xmlbeans\2.6.0\xmlbeans-2.6.0.jar;C:\Users\kongxufeng\.m2\repository\stax\stax-api\1.0.1\stax-api-1.0.1.jar;C:\Users\kongxufeng\.m2\repository\com\github\virtuald\curvesapi\1.04\curvesapi-1.04.jar;C:\Users\kongxufeng\.m2\repository\net\java\dev\jna\jna\4.1.0\jna-4.1.0.jar;C:\Users\kongxufeng\.m2\repository\net\sourceforge\tess4j\tess4j\3.2.1\tess4j-3.2.1.jar;C:\Users\kongxufeng\.m2\repository\com\github\jai-imageio\jai-imageio-core\1.3.1\jai-imageio-core-1.3.1.jar;C:\Users\kongxufeng\.m2\repository\org\ghost4j\ghost4j\1.0.1\ghost4j-1.0.1.jar;C:\Users\kongxufeng\.m2\repository\log4j\log4j\1.2.17\log4j-1.2.17.jar;C:\Users\kongxufeng\.m2\repository\commons-beanutils\commons-beanutils\1.9.2\commons-beanutils-1.9.2.jar;C:\Users\kongxufeng\.m2\repository\org\apache\xmlgraphics\xmlgraphics-commons\1.4\xmlgraphics-commons-1.4.jar;C:\Users\kongxufeng\.m2\repository\com\lowagie\itext\2.1.7\itext-2.1.7.jar;C:\Users\kongxufeng\.m2\repository\net\sourceforge\lept4j\lept4j\1.2.3\lept4j-1.2.3.jar;C:\Users\kongxufeng\.m2\repository\org\rococoa\rococoa-core\0.5\rococoa-core-0.5.jar;C:\Users\kongxufeng\.m2\repository\ch\qos\logback\logback-classic\1.1.7\logback-classic-1.1.7.jar;C:\Users\kongxufeng\.m2\repository\ch\qos\logback\logback-core\1.1.7\logback-core-1.1.7.jar;C:\Users\kongxufeng\.m2\repository\org\slf4j\slf4j-api\1.7.20\slf4j-api-1.7.20.jar;C:\Users\kongxufeng\.m2\repository\org\slf4j\jul-to-slf4j\1.7.21\jul-to-slf4j-1.7.21.jar;C:\Users\kongxufeng\.m2\repository\org\slf4j\jcl-over-slf4j\1.7.21\jcl-over-slf4j-1.7.21.jar;C:\Users\kongxufeng\.m2\repository\org\slf4j\log4j-over-slf4j\1.7.21\log4j-over-slf4j-1.7.21.jar;C:\Users\kongxufeng\.m2\repository\org\testng\testng\6.14.2\testng-6.14.2.jar;C:\Users\kongxufeng\.m2\repository\com\beust\jcommander\1.72\jcommander-1.72.jar;C:\Users\kongxufeng\.m2\repository\org\apache-extras\beanshell\bsh\2.0b6\bsh-2.0b6.jar;C:\Users\kongxufeng\.m2\repository\io\qameta\allure\allure-testng\2.6.0\allure-testng-2.6.0.jar;C:\Users\kongxufeng\.m2\repository\io\qameta\allure\allure-descriptions-javadoc\2.6.0\allure-descriptions-javadoc-2.6.0.jar;C:\Users\kongxufeng\.m2\repository\io\qameta\allure\allure-java-commons\2.6.0\allure-java-commons-2.6.0.jar;C:\Users\kongxufeng\.m2\repository\io\qameta\allure\allure2-model-api\1.0-BETA6\allure2-model-api-1.0-BETA6.jar;C:\Users\kongxufeng\.m2\repository\io\qameta\allure\allure2-model-pojo\1.0-BETA6\allure2-model-pojo-1.0-BETA6.jar;C:\Users\kongxufeng\.m2\repository\org\apache\tika\tika-core\1.14\tika-core-1.14.jar;C:\Users\kongxufeng\.m2\repository\io\qameta\allure\allure2-model-jackson\1.0-BETA6\allure2-model-jackson-1.0-BETA6.jar;C:\Users\kongxufeng\.m2\repository\com\fasterxml\jackson\core\jackson-databind\2.7.0\jackson-databind-2.7.0.jar;C:\Users\kongxufeng\.m2\repository\com\fasterxml\jackson\core\jackson-annotations\2.7.0\jackson-annotations-2.7.0.jar;C:\Users\kongxufeng\.m2\repository\com\fasterxml\jackson\core\jackson-core\2.7.0\jackson-core-2.7.0.jar;C:\Users\kongxufeng\.m2\repository\com\fasterxml\jackson\module\jackson-module-jaxb-annotations\2.7.0\jackson-module-jaxb-annotations-2.7.0.jar;C:\Users\kongxufeng\.m2\repository\org\aspectj\aspectjrt\1.8.10\aspectjrt-1.8.10.jar;C:\Users\kongxufeng\.m2\repository\org\jooq\joor\0.9.6\joor-0.9.6.jar;C:\Users\kongxufeng\.m2\repository\org\aspectj\aspectjweaver\1.8.5\aspectjweaver-1.8.5.jar;C:\Users\kongxufeng\.m2\repository\io\appium\java-client\3.3.0\java-client-3.3.0.jar;C:\Users\kongxufeng\.m2\repository\cglib\cglib\3.1\cglib-3.1.jar;C:\Users\kongxufeng\.m2\repository\org\ow2\asm\asm\4.2\asm-4.2.jar;C:\Users\kongxufeng\.m2\repository\commons-validator\commons-validator\1.4.1\commons-validator-1.4.1.jar;C:\Users\kongxufeng\.m2\repository\commons-digester\commons-digester\1.8.1\commons-digester-1.8.1.jar;C:\Users\kongxufeng\.m2\repository\commons-collections\commons-collections\3.2.1\commons-collections-3.2.1.jar;C:\Users\kongxufeng\.m2\repository\org\apache\maven\surefire\surefire-testng-utils\2.22.0\surefire-testng-utils-2.22.0.jar;C:\Users\kongxufeng\.m2\repository\org\apache\maven\surefire\surefire-grouper\2.22.0\surefire-grouper-2.22.0.jar;"/>
    <property name="sun.cpu.endian" value="little"/>
    <property name="user.home" value="C:\Users\kongxufeng"/>
    <property name="user.language" value="zh"/>
    <property name="java.specification.vendor" value="Oracle Corporation"/>
    <property name="java.home" value="D:\Program Files\Java\jre1.8.0_92"/>
    <property name="basedir" value="D:\安装包\com\com"/>
    <property name="file.separator" value="\"/>
    <property name="line.separator" value="&#10;"/>
    <property name="java.vm.specification.vendor" value="Oracle Corporation"/>
    <property name="java.specification.name" value="Java Platform API Specification"/>
    <property name="java.awt.graphicsenv" value="sun.awt.Win32GraphicsEnvironment"/>
    <property name="surefire.real.class.path" value="C:\Users\KONGXU~1\AppData\Local\Temp\surefire7111612847423926661\surefirebooter5587421127249934872.jar;C:\Users\kongxufeng\.m2\repository\org\aspectj\aspectjweaver\1.8.5\aspectjweaver-1.8.5.jar"/>
    <property name="sun.boot.class.path" value="D:\Program Files\Java\jre1.8.0_92\lib\resources.jar;D:\Program Files\Java\jre1.8.0_92\lib\rt.jar;D:\Program Files\Java\jre1.8.0_92\lib\sunrsasign.jar;D:\Program Files\Java\jre1.8.0_92\lib\jsse.jar;D:\Program Files\Java\jre1.8.0_92\lib\jce.jar;D:\Program Files\Java\jre1.8.0_92\lib\charsets.jar;D:\Program Files\Java\jre1.8.0_92\lib\jfr.jar;D:\Program Files\Java\jre1.8.0_92\classes"/>
    <property name="user.script" value=""/>
    <property name="sun.management.compiler" value="HotSpot 64-Bit Tiered Compilers"/>
    <property name="java.runtime.version" value="1.8.0_92-b14"/>
    <property name="user.name" value="kongxufeng"/>
    <property name="path.separator" value=";"/>
    <property name="os.version" value="10.0"/>
    <property name="java.endorsed.dirs" value="D:\Program Files\Java\jre1.8.0_92\lib\endorsed"/>
    <property name="java.runtime.name" value="Java(TM) SE Runtime Environment"/>
    <property name="file.encoding" value="GBK"/>
    <property name="java.vm.name" value="Java HotSpot(TM) 64-Bit Server VM"/>
    <property name="localRepository" value="C:\Users\kongxufeng\.m2\repository"/>
    <property name="java.vendor.url.bug" value="http://bugreport.sun.com/bugreport/"/>
    <property name="java.io.tmpdir" value="C:\Users\KONGXU~1\AppData\Local\Temp\"/>
    <property name="java.version" value="1.8.0_92"/>
    <property name="user.dir" value="D:\安装包\com\com"/>
    <property name="os.arch" value="amd64"/>
    <property name="java.vm.specification.name" value="Java Virtual Machine Specification"/>
    <property name="java.awt.printerjob" value="sun.awt.windows.WPrinterJob"/>
    <property name="sun.os.patch.level" value=""/>
    <property name="java.library.path" value="D:\Program Files\Java\jre1.8.0_92\bin;C:\Windows\Sun\Java\bin;C:\Windows\system32;C:\Windows;D:/Program Files/Java/jre1.8.0_92/bin/server;D:/Program Files/Java/jre1.8.0_92/bin;D:/Program Files/Java/jre1.8.0_92/lib/amd64;C:\ProgramData\Oracle\Java\javapath;C:\Windows\system32;C:\Windows;C:\Windows\System32\Wbem;C:\Windows\System32\WindowsPowerShell\v1.0\;D:\Program Files\Java\jdk1.8.0_92\bin;D:\apache-jmeter-5.0\apache-jmeter-5.0\bin;C:\strawberry\c\bin;C:\strawberry\perl\bin;D:\Program Files\Git\cmd;%MAVEN_HOME%\bin;C:\Users\kongxufeng\AppData\Local\Microsoft\WindowsApps;D:\Users\kongxufeng\AppData\Local\Programs\Fiddler;D:\Maven\apache-maven-3.6.0-bin\apache-maven-3.6.0\bin;D:\Program Files\Java\jdk1.8.0_92\bin;D:\Program Files (x86)\apache-tomcat-8.5.42\bin;D:\Program Files\Git\bin;D:\Program Files\Git\libexec\git-core;;D:\eclipse\eclipse;;."/>
    <property name="java.vm.info" value="mixed mode"/>
    <property name="java.vendor" value="Oracle Corporation"/>
    <property name="java.vm.version" value="25.92-b14"/>
    <property name="java.ext.dirs" value="D:\Program Files\Java\jre1.8.0_92\lib\ext;C:\Windows\Sun\Java\lib\ext"/>
    <property name="sun.io.unicode.encoding" value="UnicodeLittle"/>
    <property name="java.class.version" value="52.0"/>
  </properties>
  <testcase name="zhenduan" classname="com.htyl.enass.PingGuZhenDuan" time="66.939"/>
  <testcase name="zhenduan" classname="com.htyl.enass.PingGuZhenDuan" time="66.479"/>
  <testcase name="zhenduan" classname="com.htyl.enass.PingGuZhenDuan" time="0">
    <skipped/>
    <system-out><![CDATA[12:35:46.720 [Forwarding newSession on session null to remote] INFO  o.o.s.remote.ProtocolHandshake - Detected dialect: W3C
12:35:57.028 INFO  com.htyl.utils.WrappedRemoteWebDriver - 通过css selector方法查找ul[class~='el-menu-demo'] > li:last-child元素，已找到
12:35:59.129 INFO  com.htyl.utils.WrappedRemoteWebDriver - 通过id方法查找li0元素，已找到
12:35:59.199 INFO  com.htyl.utils.WrappedRemoteWebDriver - 通过id方法查找shortAccount元素，已找到
12:35:59.320 INFO  com.htyl.utils.WrappedRemoteWebDriver - 通过id方法查找password元素，已找到
12:35:59.412 INFO  com.htyl.utils.WrappedRemoteWebDriver - 通过id方法查找imgcode元素，已找到
12:36:00.138 INFO  com.htyl.utils.WrappedRemoteWebDriver - 通过id方法查找code0元素，已找到
12:36:00.279 INFO  com.htyl.utils.WrappedRemoteWebDriver - 通过css selector方法查找input[value='登 录']元素，已找到
12:36:00.927 INFO  com.htyl.utils.WrappedRemoteWebDriver - 通过class name方法查找errormessage元素，已找到
12:36:01.000 INFO  com.htyl.utils.WrappedRemoteWebDriver - 通过id方法查找li0元素，已找到
12:36:01.075 INFO  com.htyl.utils.WrappedRemoteWebDriver - 通过id方法查找shortAccount元素，已找到
12:36:01.199 INFO  com.htyl.utils.WrappedRemoteWebDriver - 通过id方法查找password元素，已找到
12:36:01.311 INFO  com.htyl.utils.WrappedRemoteWebDriver - 通过id方法查找imgcode元素，已找到
12:36:01.999 INFO  com.htyl.utils.WrappedRemoteWebDriver - 通过id方法查找code0元素，已找到
12:36:02.107 INFO  com.htyl.utils.WrappedRemoteWebDriver - 通过css selector方法查找input[value='登 录']元素，已找到
12:36:02.408 INFO  com.htyl.utils.WrappedRemoteWebDriver - 通过class name方法查找errormessage元素，已找到
12:36:02.477 INFO  com.htyl.utils.WrappedRemoteWebDriver - 通过id方法查找li0元素，已找到
12:36:02.549 INFO  com.htyl.utils.WrappedRemoteWebDriver - 通过id方法查找shortAccount元素，已找到
12:36:02.681 INFO  com.htyl.utils.WrappedRemoteWebDriver - 通过id方法查找password元素，已找到
12:36:02.815 INFO  com.htyl.utils.WrappedRemoteWebDriver - 通过id方法查找imgcode元素，已找到
12:36:03.536 INFO  com.htyl.utils.WrappedRemoteWebDriver - 通过id方法查找code0元素，已找到
12:36:03.632 INFO  com.htyl.utils.WrappedRemoteWebDriver - 通过css selector方法查找input[value='登 录']元素，已找到
12:36:03.986 INFO  com.htyl.utils.WrappedRemoteWebDriver - 通过class name方法查找errormessage元素，已找到
12:36:04.059 INFO  com.htyl.utils.WrappedRemoteWebDriver - 通过id方法查找li0元素，已找到
12:36:04.129 INFO  com.htyl.utils.WrappedRemoteWebDriver - 通过id方法查找shortAccount元素，已找到
12:36:04.263 INFO  com.htyl.utils.WrappedRemoteWebDriver - 通过id方法查找password元素，已找到
12:36:04.369 INFO  com.htyl.utils.WrappedRemoteWebDriver - 通过id方法查找imgcode元素，已找到
12:36:05.067 INFO  com.htyl.utils.WrappedRemoteWebDriver - 通过id方法查找code0元素，已找到
12:36:05.143 INFO  com.htyl.utils.WrappedRemoteWebDriver - 通过css selector方法查找input[value='登 录']元素，已找到
12:36:05.447 INFO  com.htyl.utils.WrappedRemoteWebDriver - 通过class name方法查找errormessage元素，已找到
12:36:05.497 INFO  com.htyl.utils.WrappedRemoteWebDriver - 通过id方法查找li0元素，已找到
12:36:05.565 INFO  com.htyl.utils.WrappedRemoteWebDriver - 通过id方法查找shortAccount元素，已找到
12:36:05.679 INFO  com.htyl.utils.WrappedRemoteWebDriver - 通过id方法查找password元素，已找到
12:36:05.767 INFO  com.htyl.utils.WrappedRemoteWebDriver - 通过id方法查找imgcode元素，已找到
12:36:06.443 INFO  com.htyl.utils.WrappedRemoteWebDriver - 通过id方法查找code0元素，已找到
12:36:06.518 INFO  com.htyl.utils.WrappedRemoteWebDriver - 通过css selector方法查找input[value='登 录']元素，已找到
12:36:06.781 INFO  com.htyl.utils.WrappedRemoteWebDriver - 通过class name方法查找errormessage元素，已找到
12:36:06.839 INFO  com.htyl.utils.WrappedRemoteWebDriver - 通过id方法查找li0元素，已找到
12:36:06.904 INFO  com.htyl.utils.WrappedRemoteWebDriver - 通过id方法查找shortAccount元素，已找到
12:36:07.005 INFO  com.htyl.utils.WrappedRemoteWebDriver - 通过id方法查找password元素，已找到
12:36:07.100 INFO  com.htyl.utils.WrappedRemoteWebDriver - 通过id方法查找imgcode元素，已找到
12:36:07.811 INFO  com.htyl.utils.WrappedRemoteWebDriver - 通过id方法查找code0元素，已找到
12:36:07.908 INFO  com.htyl.utils.WrappedRemoteWebDriver - 通过css selector方法查找input[value='登 录']元素，已找到
12:36:08.246 INFO  com.htyl.utils.WrappedRemoteWebDriver - 通过class name方法查找errormessage元素，已找到
12:36:08.319 INFO  com.htyl.utils.WrappedRemoteWebDriver - 通过id方法查找li0元素，已找到
12:36:08.389 INFO  com.htyl.utils.WrappedRemoteWebDriver - 通过id方法查找shortAccount元素，已找到
12:36:08.516 INFO  com.htyl.utils.WrappedRemoteWebDriver - 通过id方法查找password元素，已找到
12:36:08.619 INFO  com.htyl.utils.WrappedRemoteWebDriver - 通过id方法查找imgcode元素，已找到
12:36:09.351 INFO  com.htyl.utils.WrappedRemoteWebDriver - 通过id方法查找code0元素，已找到
12:36:09.441 INFO  com.htyl.utils.WrappedRemoteWebDriver - 通过css selector方法查找input[value='登 录']元素，已找到
12:36:09.738 INFO  com.htyl.utils.WrappedRemoteWebDriver - 通过class name方法查找errormessage元素，已找到
12:36:09.810 INFO  com.htyl.utils.WrappedRemoteWebDriver - 通过id方法查找li0元素，已找到
12:36:09.875 INFO  com.htyl.utils.WrappedRemoteWebDriver - 通过id方法查找shortAccount元素，已找到
12:36:09.966 INFO  com.htyl.utils.WrappedRemoteWebDriver - 通过id方法查找password元素，已找到
12:36:10.042 INFO  com.htyl.utils.WrappedRemoteWebDriver - 通过id方法查找imgcode元素，已找到
12:36:10.732 INFO  com.htyl.utils.WrappedRemoteWebDriver - 通过id方法查找code0元素，已找到
12:36:10.814 INFO  com.htyl.utils.WrappedRemoteWebDriver - 通过css selector方法查找input[value='登 录']元素，已找到
12:36:11.092 INFO  com.htyl.utils.WrappedRemoteWebDriver - 通过class name方法查找errormessage元素，已找到
12:36:11.181 INFO  com.htyl.utils.WrappedRemoteWebDriver - 通过id方法查找li0元素，已找到
12:36:11.246 INFO  com.htyl.utils.WrappedRemoteWebDriver - 通过id方法查找shortAccount元素，已找到
12:36:11.366 INFO  com.htyl.utils.WrappedRemoteWebDriver - 通过id方法查找password元素，已找到
12:36:11.447 INFO  com.htyl.utils.WrappedRemoteWebDriver - 通过id方法查找imgcode元素，已找到
12:36:12.119 INFO  com.htyl.utils.WrappedRemoteWebDriver - 通过id方法查找code0元素，已找到
12:36:12.232 INFO  com.htyl.utils.WrappedRemoteWebDriver - 通过css selector方法查找input[value='登 录']元素，已找到
12:36:12.549 INFO  com.htyl.utils.WrappedRemoteWebDriver - 通过class name方法查找errormessage元素，已找到
12:36:12.625 INFO  com.htyl.utils.WrappedRemoteWebDriver - 通过id方法查找li0元素，已找到
12:36:12.696 INFO  com.htyl.utils.WrappedRemoteWebDriver - 通过id方法查找shortAccount元素，已找到
12:36:12.836 INFO  com.htyl.utils.WrappedRemoteWebDriver - 通过id方法查找password元素，已找到
12:36:12.980 INFO  com.htyl.utils.WrappedRemoteWebDriver - 通过id方法查找imgcode元素，已找到
12:36:13.656 INFO  com.htyl.utils.WrappedRemoteWebDriver - 通过id方法查找code0元素，已找到
12:36:13.734 INFO  com.htyl.utils.WrappedRemoteWebDriver - 通过css selector方法查找input[value='登 录']元素，已找到
12:36:14.009 INFO  com.htyl.utils.WrappedRemoteWebDriver - 通过class name方法查找errormessage元素，已找到
12:36:46.080 ERROR com.htyl.utils.WrappedRemoteWebDriver - 通过id方法查找/assessmentPage元素时发生异常，原因：no such element: Unable to locate element: {"method":"css selector","selector":"#\/assessmentPage"}
  (Session info: chrome=75.0.3770.80)
For documentation on this error, please visit: http://seleniumhq.org/exceptions/no_such_element.html
Build info: version: '3.4.0', revision: 'unknown', time: 'unknown'
System info: host: 'KONGXUFENG-PC', ip: '172.20.4.101', os.name: 'Windows 10', os.arch: 'amd64', os.version: '10.0', java.version: '1.8.0_92'
Driver info: com.htyl.utils.WrappedRemoteWebDriver
Capabilities [{networkConnectionEnabled=false, chrome={chromedriverVersion=75.0.3770.8 (681f24ea911fe754973dda2fdc6d2a2e159dd300-refs/branch-heads/3770@{#40}), userDataDir=C:\Users\KONGXU~1\AppData\Local\Temp\scoped_dir22064_28684}, timeouts={implicit=0.0, pageLoad=300000.0, script=30000.0}, pageLoadStrategy=normal, unhandledPromptBehavior=dismiss and notify, strictFileInteractability=false, platform=ANY, proxy=Proxy(), goog:chromeOptions={debuggerAddress=localhost:54205}, acceptInsecureCerts=false, browserVersion=75.0.3770.80, browserName=chrome, javascriptEnabled=true, platformName=windows nt, setWindowRect=true}]
Session ID: a6626f82c5a7bd4159c450592115607f
*** Element info: {Using=id, value=/assessmentPage}
]]></system-out>
  </testcase>
  <testcase name="zhenduan" classname="com.htyl.enass.PingGuZhenDuan" time="76.133"/>
  <testcase name="zhenduan" classname="com.htyl.enass.PingGuZhenDuan" time="74.852"/>
</testsuite>