<?xml version="1.0" encoding="UTF-8"?>
<!-- Generated by org.testng.reporters.JUnitReportReporter -->
<testsuite hostname="zhaomengran-pc" name="com.htyl.gyl.selective2" tests="1" failures="0" timestamp="22 Jan 2019 07:56:30 GMT" time="11.135" errors="0">
  <testcase name="f" time="11.135" classname="com.htyl.gyl.selective2"/>
</testsuite> <!-- com.htyl.gyl.selective2 -->
