<?xml version="1.0" encoding="UTF-8"?>
<!-- Generated by org.testng.reporters.JUnitReportReporter -->
<testsuite hostname="zhaomengran-pc" name="com.test.aa.Quote" tests="1" failures="0" timestamp="22 Nov 2018 02:44:40 GMT" time="23.016" errors="0">
  <testcase name="f" time="23.016" classname="com.test.aa.Quote"/>
</testsuite> <!-- com.test.aa.Quote -->
