<?xml version="1.0" encoding="UTF-8"?>
<!-- Generated by org.testng.reporters.JUnitReportReporter -->
<testsuite hostname="kongxufeng-pc" name="com.htyl.yxzx.OrderBy" tests="1" failures="0" timestamp="25 Mar 2019 06:20:37 GMT" time="4.991" errors="0">
  <testcase name="f" time="4.991" classname="com.htyl.yxzx.OrderBy"/>
</testsuite> <!-- com.htyl.yxzx.OrderBy -->
