<?xml version="1.0" encoding="UTF-8"?>
<!-- Generated by org.testng.reporters.JUnitReportReporter -->
<testsuite hostname="kongxufeng-pc" name="com.htyl.yxzx.PublishGoods" tests="27" failures="0" timestamp="19 Apr 2019 02:22:38 GMT" time="702.447" errors="0">
  <testcase name="f" time="22.562" classname="com.htyl.yxzx.PublishGoods"/>
  <testcase name="f" time="25.614" classname="com.htyl.yxzx.PublishGoods"/>
  <testcase name="f" time="27.263" classname="com.htyl.yxzx.PublishGoods"/>
  <testcase name="f" time="24.440" classname="com.htyl.yxzx.PublishGoods"/>
  <testcase name="f" time="34.224" classname="com.htyl.yxzx.PublishGoods"/>
  <testcase name="f" time="22.486" classname="com.htyl.yxzx.PublishGoods"/>
  <testcase name="f" time="23.818" classname="com.htyl.yxzx.PublishGoods"/>
  <testcase name="f" time="26.621" classname="com.htyl.yxzx.PublishGoods"/>
  <testcase name="f" time="25.504" classname="com.htyl.yxzx.PublishGoods"/>
  <testcase name="f" time="22.914" classname="com.htyl.yxzx.PublishGoods"/>
  <testcase name="f" time="24.757" classname="com.htyl.yxzx.PublishGoods"/>
  <testcase name="f" time="22.114" classname="com.htyl.yxzx.PublishGoods"/>
  <testcase name="f" time="25.460" classname="com.htyl.yxzx.PublishGoods"/>
  <testcase name="f" time="26.807" classname="com.htyl.yxzx.PublishGoods"/>
  <testcase name="f" time="28.075" classname="com.htyl.yxzx.PublishGoods"/>
  <testcase name="f" time="25.195" classname="com.htyl.yxzx.PublishGoods"/>
  <testcase name="f" time="23.655" classname="com.htyl.yxzx.PublishGoods"/>
  <testcase name="f" time="23.966" classname="com.htyl.yxzx.PublishGoods"/>
  <testcase name="f" time="32.954" classname="com.htyl.yxzx.PublishGoods"/>
  <testcase name="f" time="31.021" classname="com.htyl.yxzx.PublishGoods"/>
  <testcase name="f" time="26.866" classname="com.htyl.yxzx.PublishGoods"/>
  <testcase name="f" time="22.612" classname="com.htyl.yxzx.PublishGoods"/>
  <testcase name="f" time="26.267" classname="com.htyl.yxzx.PublishGoods"/>
  <testcase name="f" time="26.557" classname="com.htyl.yxzx.PublishGoods"/>
  <testcase name="f" time="24.725" classname="com.htyl.yxzx.PublishGoods"/>
  <testcase name="f" time="23.512" classname="com.htyl.yxzx.PublishGoods"/>
  <testcase name="f" time="32.458" classname="com.htyl.yxzx.PublishGoods"/>
</testsuite> <!-- com.htyl.yxzx.PublishGoods -->
