<?xml version="1.0" encoding="UTF-8"?>
<!-- Generated by org.testng.reporters.JUnitReportReporter -->
<testsuite hostname="zhaomengran-pc" name="com.test.aa.selective2" tests="1" failures="0" timestamp="27 Nov 2018 12:29:14 GMT" time="15.244" errors="0">
  <testcase name="f" time="15.244" classname="com.test.aa.selective2"/>
</testsuite> <!-- com.test.aa.selective2 -->
