<?xml version="1.0" encoding="UTF-8"?>
<!-- Generated by org.testng.reporters.JUnitReportReporter -->
<testsuite hostname="zhaomengran-pc" name="com.htyl.tz.Approval" tests="1" failures="0" timestamp="20 Mar 2019 03:36:05 GMT" time="48.585" errors="0">
  <testcase name="f" time="48.585" classname="com.htyl.tz.Approval"/>
</testsuite> <!-- com.htyl.tz.Approval -->
