<?xml version="1.0" encoding="UTF-8"?>
<!-- Generated by org.testng.reporters.JUnitReportReporter -->
<testsuite hostname="zhaomengran-pc" name="com.test.aa.selective" tests="1" failures="0" timestamp="22 Nov 2018 07:44:05 GMT" time="22.726" errors="0">
  <testcase name="f" time="22.726" classname="com.test.aa.selective"/>
</testsuite> <!-- com.test.aa.selective -->
