<?xml version="1.0" encoding="UTF-8"?>
<!-- Generated by org.testng.reporters.JUnitReportReporter -->
<testsuite hostname="zhaomengran-pc" name="com.test.aa.PublishGoods" tests="1" failures="0" timestamp="3 Dec 2018 07:26:02 GMT" time="29.588" errors="0">
  <testcase name="f" time="29.588" classname="com.test.aa.PublishGoods"/>
</testsuite> <!-- com.test.aa.PublishGoods -->
